<?xml version="1.0" encoding="UTF-8"?>
<!-- Generated by org.testng.reporters.JUnitReportReporter -->
<testsuite skipped="0" hostname="Admin" name="TestCase.NewTest" tests="1" failures="0" timestamp="2020-07-05T01:16:09 IST" time="0.992" errors="0">
  <testcase name="f" time="0.992" classname="TestCase.NewTest"/>
  <system-out/>
</testsuite> <!-- TestCase.NewTest -->
